L1_SIZE:		9162
L1_ASSOC:		9
L1_BLOCKSIZE:		54
NUMBER OF PROCESSORS:	4
COHERENCE PROTOCOL:	MSI_Multicore
TRACE FILE:		traces/canneal.04t.longTrace
***results (Cache 0)***
01. reads: 				126762
02. read misses: 			8177
03. writes: 				13456
04. write misses:			45
05. final miss rate: 				8.98%
06. writebacks: 			960
07. cache-cache transfers: 	0
08. memory transactions: 		11180
09. interventions: 			20
10. invalidations: 			1993
11. flushes: 				45
***results (Cache 1)***
01. reads: 				111176
02. read misses: 			8772
03. writes: 				11710
04. write misses:			39
05. final miss rate: 				7.78%
06. writebacks: 			989
07. cache-cache transfers: 	0
08. memory transactions: 		10769
09. interventions: 			20
10. invalidations: 			2132
11. flushes: 				76
***results (Cache 2)***
01. reads: 				113456
02. read misses: 			7865
03. writes: 				13985
04. write misses:			49
05. final miss rate: 				7.81%
06. writebacks: 			972
07. cache-cache transfers: 	0
08. memory transactions: 		1540
09. interventions: 			26
10. invalidations: 			1997
11. flushes: 				65
results (Cache 3) 
01. reads: 				113428
02. read misses: 			9057
03. writes: 				12108
04. write misses:			39
05. final miss rate: 				7.25%
06. writebacks: 			935
07. cache-cache transfers: 	0
08. memory transactions: 		10945
09. interventions: 			41
10. invalidations: 			2007
11. flushes: 				66
